<?xml version="1.0" encoding="UTF-8"?>
<!-- Generated by org.testng.reporters.JUnitReportReporter -->
<testsuite skipped="0" hostname="IBM770-PC0GS0T2" name="com.crm.qa.testcases.LoginPageTest" tests="3" failures="0" timestamp="15 Jan 2018 10:33:05 GMT" time="40.523" errors="0">
  <testcase name="loginPageTitleTest" time="6.826" classname="com.crm.qa.testcases.LoginPageTest"/>
  <testcase name="crmLogoImageTest" time="6.651" classname="com.crm.qa.testcases.LoginPageTest"/>
  <testcase name="loginTest" time="27.046" classname="com.crm.qa.testcases.LoginPageTest"/>
</testsuite> <!-- com.crm.qa.testcases.LoginPageTest -->
